<?xml version="1.0" encoding="UTF-8"?>
<!-- Generated by org.testng.reporters.JUnitXMLReporter -->
<testsuite ignored="0" hostname="Shubh_51" failures="1" tests="6" name="Default test(failed)" time="46.182" errors="0" timestamp="2024-08-12T18:22:18 IST">
  <testcase classname="com.comcast.crm.basetest.BaseClass1" name="@AfterMethod am" time="20.468">
    <failure type="org.openqa.selenium.NoSuchElementException" message="no such element: Unable to locate element: {&amp;quot;method&amp;quot;:&amp;quot;link text&amp;quot;,&amp;quot;selector&amp;quot;:&amp;quot;Sign Out&amp;quot;}
  (Session info: chrome=127.0.6533.100)
For documentation on this error, please visit: https://www.selenium.dev/documentation/webdriver/troubleshooting/errors#no-such-element-exception
Build info: version: &amp;apos;4.16.1&amp;apos;, revision: &amp;apos;9b4c83354e&amp;apos;
System info: os.name: &amp;apos;Windows 11&amp;apos;, os.arch: &amp;apos;amd64&amp;apos;, os.version: &amp;apos;10.0&amp;apos;, java.version: &amp;apos;17.0.10&amp;apos;
Driver info: org.openqa.selenium.chrome.ChromeDriver
Command: [c0e0bef6fa35d88b82161953c24c1390, findElement {using=link text, value=Sign Out}]
Capabilities {acceptInsecureCerts: false, browserName: chrome, browserVersion: 127.0.6533.100, chrome: {chromedriverVersion: 127.0.6533.99 (f31af5097d90..., userDataDir: C:\Users\shubh\AppData\Loca...}, fedcm:accounts: true, goog:chromeOptions: {debuggerAddress: localhost:62615}, networkConnectionEnabled: false, pageLoadStrategy: normal, platformName: windows, proxy: Proxy(), se:cdp: ws://localhost:62615/devtoo..., se:cdpVersion: 127.0.6533.100, setWindowRect: true, strictFileInteractability: false, timeouts: {implicit: 0, pageLoad: 300000, script: 30000}, unhandledPromptBehavior: dismiss and notify, webauthn:extension:credBlob: true, webauthn:extension:largeBlob: true, webauthn:extension:minPinLength: true, webauthn:extension:prf: true, webauthn:virtualAuthenticators: true}
Session ID: c0e0bef6fa35d88b82161953c24c1390">
      <![CDATA[org.openqa.selenium.NoSuchElementException: no such element: Unable to locate element: {"method":"link text","selector":"Sign Out"}
  (Session info: chrome=127.0.6533.100)
For documentation on this error, please visit: https://www.selenium.dev/documentation/webdriver/troubleshooting/errors#no-such-element-exception
Build info: version: '4.16.1', revision: '9b4c83354e'
System info: os.name: 'Windows 11', os.arch: 'amd64', os.version: '10.0', java.version: '17.0.10'
Driver info: org.openqa.selenium.chrome.ChromeDriver
Command: [c0e0bef6fa35d88b82161953c24c1390, findElement {using=link text, value=Sign Out}]
Capabilities {acceptInsecureCerts: false, browserName: chrome, browserVersion: 127.0.6533.100, chrome: {chromedriverVersion: 127.0.6533.99 (f31af5097d90..., userDataDir: C:\Users\shubh\AppData\Loca...}, fedcm:accounts: true, goog:chromeOptions: {debuggerAddress: localhost:62615}, networkConnectionEnabled: false, pageLoadStrategy: normal, platformName: windows, proxy: Proxy(), se:cdp: ws://localhost:62615/devtoo..., se:cdpVersion: 127.0.6533.100, setWindowRect: true, strictFileInteractability: false, timeouts: {implicit: 0, pageLoad: 300000, script: 30000}, unhandledPromptBehavior: dismiss and notify, webauthn:extension:credBlob: true, webauthn:extension:largeBlob: true, webauthn:extension:minPinLength: true, webauthn:extension:prf: true, webauthn:virtualAuthenticators: true}
Session ID: c0e0bef6fa35d88b82161953c24c1390
at org.openqa.selenium.remote.codec.w3c.W3CHttpResponseCodec.createException(W3CHttpResponseCodec.java:200)
at org.openqa.selenium.remote.codec.w3c.W3CHttpResponseCodec.decode(W3CHttpResponseCodec.java:133)
at org.openqa.selenium.remote.codec.w3c.W3CHttpResponseCodec.decode(W3CHttpResponseCodec.java:52)
at org.openqa.selenium.remote.HttpCommandExecutor.execute(HttpCommandExecutor.java:191)
at org.openqa.selenium.remote.service.DriverCommandExecutor.invokeExecute(DriverCommandExecutor.java:200)
at org.openqa.selenium.remote.service.DriverCommandExecutor.execute(DriverCommandExecutor.java:175)
at org.openqa.selenium.remote.RemoteWebDriver.execute(RemoteWebDriver.java:523)
at org.openqa.selenium.remote.ElementLocation$ElementFinder$2.findElement(ElementLocation.java:165)
at org.openqa.selenium.remote.ElementLocation.findElement(ElementLocation.java:59)
at org.openqa.selenium.remote.RemoteWebDriver.findElement(RemoteWebDriver.java:360)
at org.openqa.selenium.remote.RemoteWebDriver.findElement(RemoteWebDriver.java:354)
at org.openqa.selenium.support.pagefactory.DefaultElementLocator.findElement(DefaultElementLocator.java:68)
at org.openqa.selenium.support.pagefactory.internal.LocatingElementHandler.invoke(LocatingElementHandler.java:38)
at jdk.proxy2/jdk.proxy2.$Proxy18.click(Unknown Source)
at com.comcast.crm.objectrepositoryUtility.HomePage.logout(HomePage.java:66)
at com.comcast.crm.basetest.BaseClass1.am(BaseClass1.java:77)
at java.base/java.util.ArrayList.forEach(ArrayList.java:1511)
... Removed 37 stack frames]]>
    </failure>
  </testcase> <!-- @AfterMethod am -->
  <testcase classname="com.comcast.crm.basetest.BaseClass1" name="@BeforeMethod bm" time="-1.72346713858E9">
    <skipped/>
  </testcase> <!-- @BeforeMethod bm -->
  <testcase classname="com.comcast.crm.basetest.BaseClass1" name="@AfterMethod am" time="-1.723467138596E9">
    <skipped/>
  </testcase> <!-- @AfterMethod am -->
  <testcase classname="com.comcast.crm.basetest.BaseClass1" name="@BeforeMethod bm" time="-1.723467138596E9">
    <skipped/>
  </testcase> <!-- @BeforeMethod bm -->
  <testcase classname="com.comcast.crm.basetest.BaseClass1" name="@AfterMethod am" time="-1.723467138609E9">
    <skipped/>
  </testcase> <!-- @AfterMethod am -->
  <testcase classname="com.comcast.crm.basetest.BaseClass1" name="@BeforeMethod bm" time="-1.72346713861E9">
    <skipped/>
  </testcase> <!-- @BeforeMethod bm -->
  <testcase classname="com.comcast.crm.basetest.BaseClass1" name="@AfterMethod am" time="-1.723467138974E9">
    <skipped/>
  </testcase> <!-- @AfterMethod am -->
  <testcase classname="com.comcast.crm.basetest.BaseClass1" name="@AfterClass Ac" time="-1.723467138975E9">
    <skipped/>
  </testcase> <!-- @AfterClass Ac -->
  <testcase classname="paclistener.testng.ActivateSim" name="activateSimTest" time="0.028">
    <skipped/>
  </testcase> <!-- activateSimTest -->
  <testcase classname="paclistener.testng.ActivateSim" name="activateSimTest" time="0.112">
    <skipped/>
  </testcase> <!-- activateSimTest -->
  <testcase classname="paclistener.testng.ActivateSim" name="activateSimTest" time="0.018">
    <skipped/>
  </testcase> <!-- activateSimTest -->
  <testcase classname="paclistener.testng.ActivateSim" name="activateSimTest" time="0.014">
    <skipped/>
  </testcase> <!-- activateSimTest -->
  <testcase classname="paclistener.testng.ActivateSim" name="activateSimTest" time="0.011">
    <skipped/>
  </testcase> <!-- activateSimTest -->
  <testcase classname="paclistener.testng.ActivateSim" name="activateSimTest" time="0.013">
    <failure type="java.lang.AssertionError" message="expected [login] but found [Administrator - Home - vtiger CRM 5 - Commercial Open Source CRM]">
      <![CDATA[java.lang.AssertionError: expected [login] but found [Administrator - Home - vtiger CRM 5 - Commercial Open Source CRM]
at paclistener.testng.ActivateSim.activateSimTest(ActivateSim.java:16)
at java.base/java.util.ArrayList.forEach(ArrayList.java:1511)
... Removed 33 stack frames]]>
    </failure>
  </testcase> <!-- activateSimTest -->
</testsuite> <!-- Default test(failed) -->
